

[INFO ] 2017-09-30 09:37:56,384 method:org.springframework.web.servlet.FrameworkServlet.initServletBean(FrameworkServlet.java:489)
FrameworkServlet 'e3-search-web': initialization started


[INFO ] 2017-09-30 09:37:56,413 method:org.springframework.context.support.AbstractApplicationContext.prepareRefresh(AbstractApplicationContext.java:578)
Refreshing WebApplicationContext for namespace 'e3-search-web-servlet': startup date [Sat Sep 30 09:37:56 CST 2017]; root of context hierarchy


[INFO ] 2017-09-30 09:37:56,462 method:org.springframework.beans.factory.xml.XmlBeanDefinitionReader.loadBeanDefinitions(XmlBeanDefinitionReader.java:317)
Loading XML bean definitions from class path resource [spring/springmvc.xml]


[INFO ] 2017-09-30 09:37:56,885 method:
using logger: com.alibaba.dubbo.common.logger.log4j.Log4jLoggerAdapter


[INFO ] 2017-09-30 09:37:57,055 method:org.springframework.core.io.support.PropertiesLoaderSupport.loadProperties(PropertiesLoaderSupport.java:172)
Loading properties file from class path resource [conf/resource.properties]


[INFO ] 2017-09-30 09:37:57,060 method:org.springframework.beans.factory.annotation.AutowiredAnnotationBeanPostProcessor.<init>(AutowiredAnnotationBeanPostProcessor.java:153)
JSR-330 'javax.inject.Inject' annotation found and supported for autowiring


[INFO ] 2017-09-30 09:37:57,479 method:com.alibaba.dubbo.registry.support.AbstractRegistry.loadProperties(AbstractRegistry.java:232)
 [DUBBO] Load registry store file D:\QQPCMgr(1)\.dubbo\dubbo-registry-47.95.118.3.cache, data: {com.e3mall.search.service.SearchItemService=empty://192.168.56.1:20882/com.e3mall.search.service.SearchItemService?anyhost=true&application=e3-search&category=configurators&check=false&dubbo=2.5.3&interface=com.e3mall.search.service.SearchItemService&methods=importAllItems&pid=14736&side=provider&timeout=600000&timestamp=1506735435815, com.e3mall.search.service.SearchService=empty://192.168.56.1:20882/com.e3mall.search.service.SearchService?anyhost=true&application=e3-search&category=configurators&check=false&dubbo=2.5.3&interface=com.e3mall.search.service.SearchService&methods=search&pid=14736&side=provider&timeout=600000&timestamp=1506735445924, com.e3mall.service.ItemService=empty://192.168.56.1:20880/com.e3mall.service.ItemService?anyhost=true&application=e3-manager&category=configurators&check=false&dubbo=2.5.3&interface=com.e3mall.service.ItemService&methods=getItemList,deleteItem,addItem,getItemById&pid=10388&side=provider&timeout=600000&timestamp=1506735374024, com.e3mall.content.service.ContentCategoryService=empty://192.168.56.1:20881/com.e3mall.content.service.ContentCategoryService?anyhost=true&application=e3-content&category=configurators&check=false&dubbo=2.5.3&interface=com.e3mall.content.service.ContentCategoryService&methods=getContentCatList,addContentCategory&pid=10520&side=provider&timeout=600000&timestamp=1506735399113, com.e3mall.service.ItemCatService=empty://192.168.56.1:20880/com.e3mall.service.ItemCatService?anyhost=true&application=e3-manager&category=configurators&check=false&dubbo=2.5.3&interface=com.e3mall.service.ItemCatService&methods=getItemCatList&pid=10388&side=provider&timeout=600000&timestamp=1506735384438, com.e3mall.content.service.ContentService=empty://192.168.56.1:20881/com.e3mall.content.service.ContentService?anyhost=true&application=e3-content&category=configurators&check=false&dubbo=2.5.3&interface=com.e3mall.content.service.ContentService&methods=getContentList,addContent,getContentListByCid&pid=10520&side=provider&timeout=600000&timestamp=1506735409368}, dubbo version: 2.5.3, current host: 127.0.0.1


[INFO ] 2017-09-30 09:37:57,500 method:org.I0Itec.zkclient.ZkEventThread.run(ZkEventThread.java:64)
Starting ZkClient event thread.


[INFO ] 2017-09-30 09:38:06,525 method:org.apache.zookeeper.Environment.logEnv(Environment.java:100)
Client environment:zookeeper.version=3.4.7-1713338, built on 11/09/2015 04:32 GMT


[INFO ] 2017-09-30 09:38:06,527 method:org.apache.zookeeper.Environment.logEnv(Environment.java:100)
Client environment:host.name=Marvel-WorkShop


[INFO ] 2017-09-30 09:38:06,527 method:org.apache.zookeeper.Environment.logEnv(Environment.java:100)
Client environment:java.version=1.7.0_80


[INFO ] 2017-09-30 09:38:06,528 method:org.apache.zookeeper.Environment.logEnv(Environment.java:100)
Client environment:java.vendor=Oracle Corporation


[INFO ] 2017-09-30 09:38:06,528 method:org.apache.zookeeper.Environment.logEnv(Environment.java:100)
Client environment:java.home=E:\jdk1.7.0_80\jre


[INFO ] 2017-09-30 09:38:06,529 method:org.apache.zookeeper.Environment.logEnv(Environment.java:100)
Client environment:java.class.path=E:\apache-maven-3.3.9\boot\plexus-classworlds-2.5.2.jar;D:\IntelliJ IDEA 2017.1.1\lib\idea_rt.jar


[INFO ] 2017-09-30 09:38:06,529 method:org.apache.zookeeper.Environment.logEnv(Environment.java:100)
Client environment:java.library.path=E:\jdk1.7.0_80\bin;C:\WINDOWS\Sun\Java\bin;C:\WINDOWS\system32;C:\WINDOWS;C:\Users\Zhang\algs4\java\bin;C:\Program Files\NVIDIA GPU Computing Toolkit\CUDA\v8.0\bin;C:\Program Files\NVIDIA GPU Computing Toolkit\CUDA\v8.0\libnvvp;D:\Python\Scripts\;D:\Python\;C:\Python27\;C:\Program Files\Microsoft MPI\Bin\;C:;C:\Program Files\Java\jdk1.8.0_102\bin;C:\Program Files\Java\jdk1.8.0_102\jre\bin;C:\ProgramData\Oracle\Java\javapath;C:\WINDOWS\system32;C:\WINDOWS;C:\WINDOWS\System32\Wbem;C:\WINDOWS\System32\WindowsPowerShell\v1.0\;C:\Users\Zhang\.dnx\bin;C:\Program Files\Microsoft DNX\Dnvm\;C:\Program Files\Microsoft SQL Server\120\Tools\Binn\;C:\Program Files (x86)\NVIDIA Corporation\PhysX\Common;C:\Program Files\Microsoft SQL Server\130\Tools\Binn\;D:\vim\vim80;C:\Program Files (x86)\C-Free 5\mingw\bin;C:\Program Files\Microsoft MPI\Bin;E:\PuTTY\;%SystemRoot%\system32;%SystemRoot%;%SystemRoot%\System32\Wbem;%SYSTEMROOT%\System32\WindowsPowerShell\v1.0\;C:\Users\Zhang\algs4\bin;C:\Users\Zhang\algs4\java\bin;E:\mysql-5.7.17-winx64\bin;E:\apache-maven-3.3.9\bin;E:\apache-tomcat-8.5.11\bin;E:\apache-tomcat-8.5.11\lib;E:\gradle-3.2.1\bin;E:\Microsoft VS Code\bin;C:\Users\Zhang\AppData\Local\Microsoft\WindowsApps;E:\cuda\lib\x64;C:\Program Files\NVIDIA GPU Computing Toolkit\CUDA\v8.0\bin;C:\Program Files\NVIDIA GPU Computing Toolkit\CUDA\v8.0\lib\x64;%USERPROFILE%\AppData\Local\Microsoft\WindowsApps;;.


[INFO ] 2017-09-30 09:38:06,530 method:org.apache.zookeeper.Environment.logEnv(Environment.java:100)
Client environment:java.io.tmpdir=C:\Users\Zhang\AppData\Local\Temp\


[INFO ] 2017-09-30 09:38:06,532 method:org.apache.zookeeper.Environment.logEnv(Environment.java:100)
Client environment:java.compiler=<NA>


[INFO ] 2017-09-30 09:38:06,534 method:org.apache.zookeeper.Environment.logEnv(Environment.java:100)
Client environment:os.name=Windows 8.1


[INFO ] 2017-09-30 09:38:06,535 method:org.apache.zookeeper.Environment.logEnv(Environment.java:100)
Client environment:os.arch=amd64


[INFO ] 2017-09-30 09:38:06,535 method:org.apache.zookeeper.Environment.logEnv(Environment.java:100)
Client environment:os.version=6.3


[INFO ] 2017-09-30 09:38:06,535 method:org.apache.zookeeper.Environment.logEnv(Environment.java:100)
Client environment:user.name=Zhang


[INFO ] 2017-09-30 09:38:06,535 method:org.apache.zookeeper.Environment.logEnv(Environment.java:100)
Client environment:user.home=D:\QQPCMgr(1)


[INFO ] 2017-09-30 09:38:06,536 method:org.apache.zookeeper.Environment.logEnv(Environment.java:100)
Client environment:user.dir=C:\Users\Zhang\IdeaProjects\e3-parent\e3-search\e3-search-web


[INFO ] 2017-09-30 09:38:06,537 method:org.apache.zookeeper.ZooKeeper.<init>(ZooKeeper.java:438)
Initiating client connection, connectString=47.95.118.3:2181 sessionTimeout=30000 watcher=org.I0Itec.zkclient.ZkClient@4aaf827b


[INFO ] 2017-09-30 09:38:06,587 method:org.apache.zookeeper.ClientCnxn$SendThread.logStartConnect(ClientCnxn.java:1032)
Opening socket connection to server 47.95.118.3/47.95.118.3:2181. Will not attempt to authenticate using SASL (unknown error)


[INFO ] 2017-09-30 09:38:06,621 method:org.apache.zookeeper.ClientCnxn$SendThread.primeConnection(ClientCnxn.java:876)
Socket connection established to 47.95.118.3/47.95.118.3:2181, initiating session


[INFO ] 2017-09-30 09:38:06,661 method:org.apache.zookeeper.ClientCnxn$SendThread.onConnected(ClientCnxn.java:1299)
Session establishment complete on server 47.95.118.3/47.95.118.3:2181, sessionid = 0x15eb17c1ec10065, negotiated timeout = 30000


[INFO ] 2017-09-30 09:38:06,665 method:org.I0Itec.zkclient.ZkClient.processStateChanged(ZkClient.java:449)
zookeeper state changed (SyncConnected)


[INFO ] 2017-09-30 09:38:06,706 method:com.alibaba.dubbo.registry.support.AbstractRegistry.register(AbstractRegistry.java:302)
 [DUBBO] Register: consumer://192.168.56.1/com.e3mall.search.service.SearchService?application=e3-search-web&category=consumers&check=false&dubbo=2.5.3&interface=com.e3mall.search.service.SearchService&methods=search&pid=17472&revision=1.0-SNAPSHOT&side=consumer&timestamp=1506735477389, dubbo version: 2.5.3, current host: 192.168.56.1


[INFO ] 2017-09-30 09:38:06,865 method:com.alibaba.dubbo.registry.support.AbstractRegistry.subscribe(AbstractRegistry.java:325)
 [DUBBO] Subscribe: consumer://192.168.56.1/com.e3mall.search.service.SearchService?application=e3-search-web&category=providers,configurators,routers&dubbo=2.5.3&interface=com.e3mall.search.service.SearchService&methods=search&pid=17472&revision=1.0-SNAPSHOT&side=consumer&timestamp=1506735477389, dubbo version: 2.5.3, current host: 192.168.56.1


[INFO ] 2017-09-30 09:38:07,378 method:com.alibaba.dubbo.registry.support.AbstractRegistry.notify(AbstractRegistry.java:422)
 [DUBBO] Notify urls for subscribe url consumer://192.168.56.1/com.e3mall.search.service.SearchService?application=e3-search-web&category=providers,configurators,routers&dubbo=2.5.3&interface=com.e3mall.search.service.SearchService&methods=search&pid=17472&revision=1.0-SNAPSHOT&side=consumer&timestamp=1506735477389, urls: [dubbo://192.168.56.1:20882/com.e3mall.search.service.SearchService?anyhost=true&application=e3-search&dubbo=2.5.3&interface=com.e3mall.search.service.SearchService&methods=search&pid=14736&side=provider&timeout=600000&timestamp=1506735445924, empty://192.168.56.1/com.e3mall.search.service.SearchService?application=e3-search-web&category=configurators&dubbo=2.5.3&interface=com.e3mall.search.service.SearchService&methods=search&pid=17472&revision=1.0-SNAPSHOT&side=consumer&timestamp=1506735477389, empty://192.168.56.1/com.e3mall.search.service.SearchService?application=e3-search-web&category=routers&dubbo=2.5.3&interface=com.e3mall.search.service.SearchService&methods=search&pid=17472&revision=1.0-SNAPSHOT&side=consumer&timestamp=1506735477389], dubbo version: 2.5.3, current host: 192.168.56.1


[INFO ] 2017-09-30 09:38:07,792 method:com.alibaba.dubbo.remoting.transport.AbstractClient.connect(AbstractClient.java:287)
 [DUBBO] Successed connect to server /192.168.56.1:20882 from NettyClient 192.168.56.1 using dubbo version 2.5.3, channel is NettyChannel [channel=[id: 0x028faa0f, /192.168.56.1:4518 => /192.168.56.1:20882]], dubbo version: 2.5.3, current host: 192.168.56.1


[INFO ] 2017-09-30 09:38:07,795 method:com.alibaba.dubbo.remoting.transport.AbstractClient.<init>(AbstractClient.java:105)
 [DUBBO] Start NettyClient Marvel-WorkShop/192.168.56.1 connect to the server /192.168.56.1:20882, dubbo version: 2.5.3, current host: 192.168.56.1


[INFO ] 2017-09-30 09:38:07,915 method:com.alibaba.dubbo.config.ReferenceConfig.createProxy(ReferenceConfig.java:423)
 [DUBBO] Refer dubbo service com.e3mall.search.service.SearchService from url zookeeper://47.95.118.3:2181/com.alibaba.dubbo.registry.RegistryService?anyhost=true&application=e3-search-web&check=false&dubbo=2.5.3&interface=com.e3mall.search.service.SearchService&methods=search&pid=17472&revision=1.0-SNAPSHOT&side=consumer&timeout=600000&timestamp=1506735477389, dubbo version: 2.5.3, current host: 192.168.56.1


[INFO ] 2017-09-30 09:38:08,213 method:org.springframework.web.servlet.handler.AbstractHandlerMethodMapping$MappingRegistry.register(AbstractHandlerMethodMapping.java:527)
Mapped "{[/search]}" onto public java.lang.String com.e3mall.search.controller.SearchController.searchItemList(java.lang.String,java.lang.Integer,org.springframework.ui.Model) throws java.lang.Exception


[INFO ] 2017-09-30 09:38:08,747 method:org.springframework.web.servlet.mvc.method.annotation.RequestMappingHandlerAdapter.initControllerAdviceCache(RequestMappingHandlerAdapter.java:532)
Looking for @ControllerAdvice: WebApplicationContext for namespace 'e3-search-web-servlet': startup date [Sat Sep 30 09:37:56 CST 2017]; root of context hierarchy


[INFO ] 2017-09-30 09:38:08,840 method:org.springframework.web.servlet.mvc.method.annotation.RequestMappingHandlerAdapter.initControllerAdviceCache(RequestMappingHandlerAdapter.java:532)
Looking for @ControllerAdvice: WebApplicationContext for namespace 'e3-search-web-servlet': startup date [Sat Sep 30 09:37:56 CST 2017]; root of context hierarchy


[INFO ] 2017-09-30 09:38:08,941 method:org.springframework.web.servlet.handler.AbstractUrlHandlerMapping.registerHandler(AbstractUrlHandlerMapping.java:341)
Mapped URL path [/**] onto handler 'org.springframework.web.servlet.resource.DefaultServletHttpRequestHandler#0'


[INFO ] 2017-09-30 09:38:09,023 method:org.springframework.web.servlet.FrameworkServlet.initServletBean(FrameworkServlet.java:508)
FrameworkServlet 'e3-search-web': initialization completed in 12635 ms


[INFO ] 2017-09-30 09:38:47,991 method:com.e3mall.search.exception.GlobalExceptionResolver.resolveException(GlobalExceptionResolver.java:20)
系统发生异常了。。。。。


[ERROR] 2017-09-30 09:38:47,993 method:com.e3mall.search.exception.GlobalExceptionResolver.resolveException(GlobalExceptionResolver.java:21)
系统发生异常
java.lang.RuntimeException: org.apache.solr.common.SolrException: java.util.concurrent.TimeoutException: Could not connect to ZooKeeper 192.168.25.134:2181,192.168.25.134:2182,192.168.25.134:2183 within 10000 ms
org.apache.solr.common.SolrException: java.util.concurrent.TimeoutException: Could not connect to ZooKeeper 192.168.25.134:2181,192.168.25.134:2182,192.168.25.134:2183 within 10000 ms
	at org.apache.solr.common.cloud.SolrZkClient.<init>(SolrZkClient.java:163)
	at org.apache.solr.common.cloud.SolrZkClient.<init>(SolrZkClient.java:114)
	at org.apache.solr.common.cloud.SolrZkClient.<init>(SolrZkClient.java:104)
	at org.apache.solr.common.cloud.ZkStateReader.<init>(ZkStateReader.java:212)
	at org.apache.solr.client.solrj.impl.CloudSolrServer.connect(CloudSolrServer.java:241)
	at org.apache.solr.client.solrj.impl.CloudSolrServer.request(CloudSolrServer.java:524)
	at org.apache.solr.client.solrj.request.QueryRequest.process(QueryRequest.java:91)
	at org.apache.solr.client.solrj.SolrServer.query(SolrServer.java:301)
	at com.e3mall.search.dao.SearchDao.search(SearchDao.java:36)
	at com.e3mall.search.service.impl.SearchServiceImpl.search(SearchServiceImpl.java:40)
	at com.alibaba.dubbo.common.bytecode.Wrapper3.invokeMethod(Wrapper3.java)
	at com.alibaba.dubbo.rpc.proxy.javassist.JavassistProxyFactory$1.doInvoke(JavassistProxyFactory.java:46)
	at com.alibaba.dubbo.rpc.proxy.AbstractProxyInvoker.invoke(AbstractProxyInvoker.java:72)
	at com.alibaba.dubbo.rpc.protocol.InvokerWrapper.invoke(InvokerWrapper.java:53)
	at com.alibaba.dubbo.rpc.filter.ExceptionFilter.invoke(ExceptionFilter.java:64)
	at com.alibaba.dubbo.rpc.protocol.ProtocolFilterWrapper$1.invoke(ProtocolFilterWrapper.java:91)
	at com.alibaba.dubbo.rpc.filter.TimeoutFilter.invoke(TimeoutFilter.java:42)
	at com.alibaba.dubbo.rpc.protocol.ProtocolFilterWrapper$1.invoke(ProtocolFilterWrapper.java:91)
	at com.alibaba.dubbo.monitor.support.MonitorFilter.invoke(MonitorFilter.java:75)
	at com.alibaba.dubbo.rpc.protocol.ProtocolFilterWrapper$1.invoke(ProtocolFilterWrapper.java:91)
	at com.alibaba.dubbo.rpc.protocol.dubbo.filter.TraceFilter.invoke(TraceFilter.java:78)
	at com.alibaba.dubbo.rpc.protocol.ProtocolFilterWrapper$1.invoke(ProtocolFilterWrapper.java:91)
	at com.alibaba.dubbo.rpc.filter.ContextFilter.invoke(ContextFilter.java:60)
	at com.alibaba.dubbo.rpc.protocol.ProtocolFilterWrapper$1.invoke(ProtocolFilterWrapper.java:91)
	at com.alibaba.dubbo.rpc.filter.GenericFilter.invoke(GenericFilter.java:112)
	at com.alibaba.dubbo.rpc.protocol.ProtocolFilterWrapper$1.invoke(ProtocolFilterWrapper.java:91)
	at com.alibaba.dubbo.rpc.filter.ClassLoaderFilter.invoke(ClassLoaderFilter.java:38)
	at com.alibaba.dubbo.rpc.protocol.ProtocolFilterWrapper$1.invoke(ProtocolFilterWrapper.java:91)
	at com.alibaba.dubbo.rpc.filter.EchoFilter.invoke(EchoFilter.java:38)
	at com.alibaba.dubbo.rpc.protocol.ProtocolFilterWrapper$1.invoke(ProtocolFilterWrapper.java:91)
	at com.alibaba.dubbo.rpc.protocol.dubbo.DubboProtocol$1.reply(DubboProtocol.java:108)
	at com.alibaba.dubbo.remoting.exchange.support.header.HeaderExchangeHandler.handleRequest(HeaderExchangeHandler.java:84)
	at com.alibaba.dubbo.remoting.exchange.support.header.HeaderExchangeHandler.received(HeaderExchangeHandler.java:170)
	at com.alibaba.dubbo.remoting.transport.DecodeHandler.received(DecodeHandler.java:52)
	at com.alibaba.dubbo.remoting.transport.dispatcher.ChannelEventRunnable.run(ChannelEventRunnable.java:82)
	at java.util.concurrent.ThreadPoolExecutor.runWorker(ThreadPoolExecutor.java:1145)
	at java.util.concurrent.ThreadPoolExecutor$Worker.run(ThreadPoolExecutor.java:615)
	at java.lang.Thread.run(Thread.java:745)
Caused by: java.util.concurrent.TimeoutException: Could not connect to ZooKeeper 192.168.25.134:2181,192.168.25.134:2182,192.168.25.134:2183 within 10000 ms
	at org.apache.solr.common.cloud.ConnectionManager.waitForConnected(ConnectionManager.java:223)
	at org.apache.solr.common.cloud.SolrZkClient.<init>(SolrZkClient.java:155)
	... 37 more

	at com.alibaba.dubbo.rpc.filter.ExceptionFilter.invoke(ExceptionFilter.java:108)
	at com.alibaba.dubbo.rpc.protocol.ProtocolFilterWrapper$1.invoke(ProtocolFilterWrapper.java:91)
	at com.alibaba.dubbo.rpc.filter.TimeoutFilter.invoke(TimeoutFilter.java:42)
	at com.alibaba.dubbo.rpc.protocol.ProtocolFilterWrapper$1.invoke(ProtocolFilterWrapper.java:91)
	at com.alibaba.dubbo.monitor.support.MonitorFilter.invoke(MonitorFilter.java:75)
	at com.alibaba.dubbo.rpc.protocol.ProtocolFilterWrapper$1.invoke(ProtocolFilterWrapper.java:91)
	at com.alibaba.dubbo.rpc.protocol.dubbo.filter.TraceFilter.invoke(TraceFilter.java:78)
	at com.alibaba.dubbo.rpc.protocol.ProtocolFilterWrapper$1.invoke(ProtocolFilterWrapper.java:91)
	at com.alibaba.dubbo.rpc.filter.ContextFilter.invoke(ContextFilter.java:60)
	at com.alibaba.dubbo.rpc.protocol.ProtocolFilterWrapper$1.invoke(ProtocolFilterWrapper.java:91)
	at com.alibaba.dubbo.rpc.filter.GenericFilter.invoke(GenericFilter.java:112)
	at com.alibaba.dubbo.rpc.protocol.ProtocolFilterWrapper$1.invoke(ProtocolFilterWrapper.java:91)
	at com.alibaba.dubbo.rpc.filter.ClassLoaderFilter.invoke(ClassLoaderFilter.java:38)
	at com.alibaba.dubbo.rpc.protocol.ProtocolFilterWrapper$1.invoke(ProtocolFilterWrapper.java:91)
	at com.alibaba.dubbo.rpc.filter.EchoFilter.invoke(EchoFilter.java:38)
	at com.alibaba.dubbo.rpc.protocol.ProtocolFilterWrapper$1.invoke(ProtocolFilterWrapper.java:91)
	at com.alibaba.dubbo.rpc.protocol.dubbo.DubboProtocol$1.reply(DubboProtocol.java:108)
	at com.alibaba.dubbo.remoting.exchange.support.header.HeaderExchangeHandler.handleRequest(HeaderExchangeHandler.java:84)
	at com.alibaba.dubbo.remoting.exchange.support.header.HeaderExchangeHandler.received(HeaderExchangeHandler.java:170)
	at com.alibaba.dubbo.remoting.transport.DecodeHandler.received(DecodeHandler.java:52)
	at com.alibaba.dubbo.remoting.transport.dispatcher.ChannelEventRunnable.run(ChannelEventRunnable.java:82)
	at java.util.concurrent.ThreadPoolExecutor.runWorker(ThreadPoolExecutor.java:1145)
	at java.util.concurrent.ThreadPoolExecutor$Worker.run(ThreadPoolExecutor.java:615)
	at java.lang.Thread.run(Thread.java:745)
